Starting backend...
Noobcash client started
Trying to connect to bootstrap node socket server
Connected through TCP at 
172.25.157.63
:
44439
[95mSend my credentials to bootstrap[0m
Received block #0
Block is of genesis type
Received new transaction
Transaction validated. Adding to transaction list ( current block under construction )
Transaction GwXuzwInvxb5/Gn6E9rtwn1dkp8LN08iPmImclwQfMo=validated
Received new transaction
Transaction validated. Adding to transaction list ( current block under construction )
Transaction TDsPMlH9m/C0/gnMOzM2Ou1Pm7WjN6iwrguDmzlKNFo=validated
Starting mining process
Received new transaction
Transaction validated. Adding to transaction list ( current block under construction )
Transaction XGM+COnPbsk5pm1mLujfH3BdydGHrYtn3a/wbaRusuY=validated
Received block #1
Block validated and added to my blockchain. Miner thread stopped for efficiency
Block #1 is valid and ready to be added to the blockchain
