Starting backend...
Noobcash client started
Trying to connect to bootstrap node socket server
Connected through TCP at 
172.25.157.63
:
44439
[95mSend my credentials to bootstrap[0m
Received block #0
Block is of genesis type
Received new transaction
Transaction validated. Adding to transaction list ( current block under construction )
Transaction GwXuzwInvxb5/Gn6E9rtwn1dkp8LN08iPmImclwQfMo=validated
Received new transaction
Transaction validated. Adding to transaction list ( current block under construction )
Transaction TDsPMlH9m/C0/gnMOzM2Ou1Pm7WjN6iwrguDmzlKNFo=validated
Starting mining process
Received new transaction
Transaction validated. Adding to transaction list ( current block under construction )
Transaction XGM+COnPbsk5pm1mLujfH3BdydGHrYtn3a/wbaRusuY=validated
blockchain_requested from node #0
Found nonce 39717 for block with index 1
