Starting backend...
Noobcash client started
Trying to connect to bootstrap node socket server
Connected through TCP at 
192.168.1.3
:
44439
[95mSend my credentials to bootstrap[0m
Received block #0
Block is of genesis type
Received new transaction
Event listening thread acquired lock
Transaction validated. Adding to transaction list ( current block under construction )
Transaction stE7CIDIfE7o+n3iAk3ALex+jRMfuVM4i2r1Rdm/1qQ= added to list of transactions
Received new transaction
Event listening thread acquired lock
Transaction validated. Adding to transaction list ( current block under construction )
Transaction 7B4Y8+BRPeSkdXCSO60usHZ1BfWbsDhCommqOxwd0+I= added to list of transactions
Received new transaction
Event listening thread acquired lock
Transaction validated. Adding to transaction list ( current block under construction )
Transaction semBw4MMFKHsCQr1DAXf7y5CUiZJyTQgy/cY+Iqfneg= added to list of transactions
Received new transaction
Event listening thread acquired lock
Transaction validated. Adding to transaction list ( current block under construction )
Transaction PUXSqJDpqKAd+tBFmVn5jWHpCX80THk1vjU0p8SyLFs= added to list of transactions
Received new transaction
Event listening thread acquired lock
Transaction validated. Adding to transaction list ( current block under construction )
Transaction zB3bwHKmBjzMlJYUMKEJFmWTMFeo5Za7m24Kgl00R28= added to list of transactions
Starting mining process. Benchmarker releasing lock
Received block #1
Block validated and added to my blockchain. Miner thread stopped for efficiency
Stopping nonce
Block #1 is valid and ready to be added to the blockchain
Received new transaction
Event listening thread acquired lock
Transaction validated. Adding to transaction list ( current block under construction )
Transaction WSniwQI6nYrHwHKapwST+JPzb3U8S6+X6eP+la4sz+4= added to list of transactions
Received new transaction
Event listening thread acquired lock
Transaction validated. Adding to transaction list ( current block under construction )
Transaction 1xUZAGpLGUBoSZ7xhXaZaRErPH5AnWH4mdrqd9kkRxM= added to list of transactions
Received new transaction
Event listening thread acquired lock
Transaction validated. Adding to transaction list ( current block under construction )
Transaction mc1oKx541raSj7J/Pr1yeZLoyoUbY0Ghngp7z+aQdGg= added to list of transactions
Issuing transaction from benchmark thread
Transaction with id npJEHfEF//EZ8HxnK6yZLSv3f9jYWOdcM+y27uwEeew= issued. Now broadcasting. 
Transaction with id npJEHfEF//EZ8HxnK6yZLSv3f9jYWOdcM+y27uwEeew= broadcasted. Now registering to block. 
Transaction npJEHfEF//EZ8HxnK6yZLSv3f9jYWOdcM+y27uwEeew= added to list of transactions
Received new transaction
Event listening thread acquired lock
Transaction validated. Adding to transaction list ( current block under construction )
Transaction C7BEsitJQBbag3RchC0F7LwfhseWv0U6dC1aFQNI9Hw= added to list of transactions
Starting mining process. Benchmarker releasing lock
Currently mining caching packet
Received block #2
Block validated and added to my blockchain. Miner thread stopped for efficiency
Stopping nonce
Block #2 is valid and ready to be added to the blockchain
Popping message from cached messages queue instead of socket
Received new transaction
Event listening thread acquired lock
Transaction validated. Adding to transaction list ( current block under construction )
Transaction XTgbpizHBRZm3uFdMWFa5O+zgFjNQQqbWAybwk90GF4= added to list of transactions
Received new transaction
Event listening thread acquired lock
Transaction validated. Adding to transaction list ( current block under construction )
Transaction hCabkIMdKYC966lJLJC8ZPFJuIw1mS6x1Mwqb/1763k= added to list of transactions
Received new transaction
Event listening thread acquired lock
Transaction validated. Adding to transaction list ( current block under construction )
Transaction nLBh7gAt3s+5LpJWCWN5eOrPhjM2kac5VJnFMCIHojc= added to list of transactions
Received new transaction
Event listening thread acquired lock
Transaction validated. Adding to transaction list ( current block under construction )
Transaction nkYhnGOvAbQyNa4gDTMn4+1zRzHMou5P1xnPQCVyybY= added to list of transactions
Received new transaction
Event listening thread acquired lock
Transaction validated. Adding to transaction list ( current block under construction )
Transaction BsYIvfJwytS6h9h264qJIDSInL3r7+Wg9nBvlGT23GM= added to list of transactions
Starting mining process. Benchmarker releasing lock
Received block #2
Block invalid because: Wrong index or previous hash
Valid block discarded.
Previous hash mismatch. Received block belongs to a different blockchain initializing consensus algorithm
Found nonce 189552 for block with index 3
Broadcasting newly found block with index 3
Broadcasting block
Broadcasting block
Broadcasting block
Broadcasting block
Finished block broadcasting
Issuing transaction from benchmark thread
Transaction with id 92CiEiIifwY5KsnT7UD5qVbOZbCzQoQDPtIZmvE+sG0= issued. Now broadcasting. 
Could not connect to 192.168.1.3:44439
Transaction with id 92CiEiIifwY5KsnT7UD5qVbOZbCzQoQDPtIZmvE+sG0= broadcasted. Now registering to block. 
Transaction 92CiEiIifwY5KsnT7UD5qVbOZbCzQoQDPtIZmvE+sG0= added to list of transactions
Lock acquired for conflict resolution
In resolving conflict mode.
In resolving conflict mode.
Received request to vote for conflict resolution by node1 while in conflict mode
In resolving conflict mode.
Received request to vote for conflict resolution by node2 while in conflict mode
In resolving conflict mode.
Received request to vote for conflict resolution by node3 while in conflict mode
In resolving conflict mode.
In resolving conflict mode.
Received conflict resolution vote of length: 0by node3
{'0 AACylrtMrdqIBB3IAWDy8JnZg3FJClYoS8aGHwWofq4=': [3]}
In resolving conflict mode.
Received conflict resolution vote of length: 0by node1
{'0 AACylrtMrdqIBB3IAWDy8JnZg3FJClYoS8aGHwWofq4=': [3], '0 AADKX3rkcI8Ko3fZJ3Ybf1Bb6uMOToGH/ytktobi0f0=': [1]}
In resolving conflict mode.
blockchain_requested from node #2
I sent my blocks now I continue #2
Issuing transaction from benchmark thread
Received new transaction
Transaction with id 7NXPcUjnry4VPgBQT89j/2dN8PtZlCPbtz9zBspS2qc= issued. Now broadcasting. 
Transaction with id 7NXPcUjnry4VPgBQT89j/2dN8PtZlCPbtz9zBspS2qc= broadcasted. Now registering to block. 
Transaction 7NXPcUjnry4VPgBQT89j/2dN8PtZlCPbtz9zBspS2qc= added to list of transactions
Event listening thread acquired lock
Transaction validated. Adding to transaction list ( current block under construction )
Transaction dtDdSwlQoNu22ZdaR9yFyg2DyKm11Ti1QXnPLWE3CVg= added to list of transactions
Received new transaction
Event listening thread acquired lock
Transaction validated. Adding to transaction list ( current block under construction )
Transaction h4FIcwr2Hnqa604UhlAhN06Ij0L3L1TerWiiozrhZoQ= added to list of transactions
Received new transaction
Event listening thread acquired lock
Transaction validated. Adding to transaction list ( current block under construction )
Transaction PtyrtTHtk/e3bj5BDuuGr2F1JGNhmgWfhOMOAU2BoR0= added to list of transactions
Starting mining process. Benchmarker releasing lock
Received block #4
Block validated and added to my blockchain. Miner thread stopped for efficiency
Stopping nonce
Block #4 is valid and ready to be added to the blockchain
Issuing transaction from benchmark thread
Transaction with id 5IFalHi3MjSOxXgFCrvbeLTf6HWuV4UsqukiLrrv0cQ= issued. Now broadcasting. 
Transaction with id 5IFalHi3MjSOxXgFCrvbeLTf6HWuV4UsqukiLrrv0cQ= broadcasted. Now registering to block. 
Transaction 5IFalHi3MjSOxXgFCrvbeLTf6HWuV4UsqukiLrrv0cQ= added to list of transactions
Received block #3
Block invalid because: Wrong index or previous hash
Valid block discarded.
Previous hash mismatch. Received block belongs to a different blockchain initializing consensus algorithm
Lock acquired for conflict resolution
In resolving conflict mode.
Received request to vote for conflict resolution by node2 while in conflict mode
In resolving conflict mode.
Received request to vote for conflict resolution by node1 while in conflict mode
In resolving conflict mode.
Received conflict resolution vote of length: 0by node0
{'0 AAApX2guvCajTuJH7XdiHJRwJvs1tBJz5smgBuld7ew=': [0]}
In resolving conflict mode.
Received conflict resolution vote of length: 0by node2
{'0 AAApX2guvCajTuJH7XdiHJRwJvs1tBJz5smgBuld7ew=': [0], '0 AABfilqzs1wlJttdHzjwbsUIZC0B6fkO4mCsu+uroiw=': [2]}
In resolving conflict mode.
Received conflict resolution vote of length: 0by node1
{'0 AAApX2guvCajTuJH7XdiHJRwJvs1tBJz5smgBuld7ew=': [0], '0 AABfilqzs1wlJttdHzjwbsUIZC0B6fkO4mCsu+uroiw=': [2], '0 AAAB3BRYNLfoXzKWxtV4b0Hx5T10gO1LWg0zUgiNdL4=': [1]}
In resolving conflict mode.
In resolving conflict mode.
In resolving conflict mode.
Received request to vote for conflict resolution by node3 while in conflict mode
In resolving conflict mode.
Received conflict resolution vote of length: 0by node3
{'0 AAApX2guvCajTuJH7XdiHJRwJvs1tBJz5smgBuld7ew=': [0], '0 AABfilqzs1wlJttdHzjwbsUIZC0B6fkO4mCsu+uroiw=': [2], '0 AAAB3BRYNLfoXzKWxtV4b0Hx5T10gO1LWg0zUgiNdL4=': [1], '0 AAAJzgxKHjspMVUepbmRX4ltGHaMMtwWgSh5CoUPH8A=': [3]}
Decided on max length = 0
In resolving conflict mode.
Received blockchain block with index 0 for conflict resolution by node3
Discarding my blockchain receiving new one
In resolving conflict mode.
Received blockchain block with index 1 for conflict resolution by node3
In resolving conflict mode.
Received blockchain block with index 2 for conflict resolution by node3
In resolving conflict mode.
Received blockchain block with index 3 for conflict resolution by node3
In resolving conflict mode.
Received Transaction list and utxos for conflict resolution by node3
RECEIVED UTXOS
{0: [{'id': 'XTgbpizHBRZm3uFdMWFa5O+zgFjNQQqbWAybwk90GF4=', 'who': 'ssh-rsa AAAAB3NzaC1yc2EAAAADAQABAAABAQCqTJXfmFjtJnbBQw2H/k2dMEYHw0hsaFNOXJq/iS8nGOkhusWiCr+cVAmr76fnA3M28sF8EXPkFwm3XUOIJuF4cMukXb3TD4SvlBlLQcfW46ras7Krhe7BYbGTQhwLrtDmudb5pRUSYQO1kQN6DxEQpfo7Pkz8EYwh1Gg5nna9P+yrZecHUASi3OKcfba3KAzMhnz+t0idjaD2qRHWRkCCFZqpRtEwQ07xbNE9a7IOnyImamjSRnGQztzatK5tqne/Tv0wBD8cIVApaPd0Fpq7dPFMXNTFsGcAZfRphThUCHQYcc6l4z+t5m+Xdecwj8t0f+iY5QqFGjoNZHDY1/6P', 'amount': 6}, {'id': 'dtDdSwlQoNu22ZdaR9yFyg2DyKm11Ti1QXnPLWE3CVg=', 'who': 'ssh-rsa AAAAB3NzaC1yc2EAAAADAQABAAABAQCqTJXfmFjtJnbBQw2H/k2dMEYHw0hsaFNOXJq/iS8nGOkhusWiCr+cVAmr76fnA3M28sF8EXPkFwm3XUOIJuF4cMukXb3TD4SvlBlLQcfW46ras7Krhe7BYbGTQhwLrtDmudb5pRUSYQO1kQN6DxEQpfo7Pkz8EYwh1Gg5nna9P+yrZecHUASi3OKcfba3KAzMhnz+t0idjaD2qRHWRkCCFZqpRtEwQ07xbNE9a7IOnyImamjSRnGQztzatK5tqne/Tv0wBD8cIVApaPd0Fpq7dPFMXNTFsGcAZfRphThUCHQYcc6l4z+t5m+Xdecwj8t0f+iY5QqFGjoNZHDY1/6P', 'amount': 9}, {'id': 'h4FIcwr2Hnqa604UhlAhN06Ij0L3L1TerWiiozrhZoQ=', 'who': 'ssh-rsa AAAAB3NzaC1yc2EAAAADAQABAAABAQCqTJXfmFjtJnbBQw2H/k2dMEYHw0hsaFNOXJq/iS8nGOkhusWiCr+cVAmr76fnA3M28sF8EXPkFwm3XUOIJuF4cMukXb3TD4SvlBlLQcfW46ras7Krhe7BYbGTQhwLrtDmudb5pRUSYQO1kQN6DxEQpfo7Pkz8EYwh1Gg5nna9P+yrZecHUASi3OKcfba3KAzMhnz+t0idjaD2qRHWRkCCFZqpRtEwQ07xbNE9a7IOnyImamjSRnGQztzatK5tqne/Tv0wBD8cIVApaPd0Fpq7dPFMXNTFsGcAZfRphThUCHQYcc6l4z+t5m+Xdecwj8t0f+iY5QqFGjoNZHDY1/6P', 'amount': 2}], 1: [{'id': 'h4FIcwr2Hnqa604UhlAhN06Ij0L3L1TerWiiozrhZoQ=', 'who': 'ssh-rsa AAAAB3NzaC1yc2EAAAADAQABAAABAQCqS7Yuv59ND9+V1htiSkfvw8eCjQ4kWs+1KoTwYxz3xMITm80PYNazyz7oB2Xg5I7sz4bl+Ie7jMe96+gE9/7YGKuqblAjCWAv6lxj9dKTEbKP/IklCpcZB/q8qwulGtU/FF0zezvPQbO8uLx5pWpShkxsJDRkyuFsdc1l0bMTmZvgugLmQ2mzB1Ardp9a9yLsHCxADmYOISYQtMDsicju3nc8NbPrqR9/XNZU/oFtC/rgXgKeKG3gDY3D5c3E05XUjXMc9sfjTpC02rAhiM/HYhTCbuLKAmlA16TxXuAtGS2EXqGhHob9TEh58mFxgKM6mbqFmRICi649A9SrHE/Z', 'amount': 90}], 2: [{'id': 'PYx3lZeptVhtrnwT/bBJgSuTBGMZhkt6IfvBC+p04Dk=', 'who': 'ssh-rsa AAAAB3NzaC1yc2EAAAADAQABAAABAQDmHyTfXFrhCmcCPHQLF2UJRz05NPTTIi7cJJdnqCS0f2EZmHI5lwIyIAq+d3bBVjMIddfuEDP9bmTx0NRol9UvmOyHuPCl83KblHlC0N5fIEgKF4DYs2nS6/XhUFezrssjOfSHYdYJxqRjaj/TrtxKbzsUkOoQtls2r5TytEkQkqwWBmtJEgogwQqpurMN3tXd1vtKSReDMW4Co9hBG/MqlPeZPvI/BB+zgJ3Sj3RnaG4/SoC5/WN1XZzXN8sIbr/HDYxTiC1K3K2b36jZQAPpM3cOdUm59jCkgdjb23HhFYV6cah2AeyiiEtx2B+LjDZ8j3SDPfw7FgARQdIFfnf5', 'amount': 10}], 3: [{'id': 'PYx3lZeptVhtrnwT/bBJgSuTBGMZhkt6IfvBC+p04Dk=', 'who': 'ssh-rsa AAAAB3NzaC1yc2EAAAADAQABAAABAQD+A2hLkjI/wya7IKKNRKW7W8Go7fEl9a9egyCEMbC/h+T/QexJ3inAT/e5Z5yWC1y/4/O8weQM+rQLGDjUvI5GT4NFLlrMYsAm1ycm8Zvs9GjWn7lryMHdXYExJv/TjVvoniEmLTKOe3rw/WEFAO4le33hGwDadb7Dhof/yC3kGAVaKtzpwTDO58YbwxFoAcmLwuNQOlEFBOl8O/dR0XBUI2+Ju4Ni3J2eruH1+9ZG5qijuosc2WKxcBlrj64KJ8uQVYqZR3QKajp5jJAWvdhgvG+ZOgyGBeqpKYhHhUJRHMwv4zETt52rwECaJFGt4E7aGnuuFjhQS/7gLWmvDiYh', 'amount': 87}], 4: [{'id': 'npJEHfEF//EZ8HxnK6yZLSv3f9jYWOdcM+y27uwEeew=', 'who': 'ssh-rsa AAAAB3NzaC1yc2EAAAADAQABAAABAQDGIvtoERHaDEOn+AcdvlArV0/QOZUHTfGO/dIgRlZWlAlrDITDjd/dOVZ/neQ4ZXX56Ukz4pjAst3qnKWc483/wmV0JZTT+FjwgMCuvi2BURyTU0JWQTixUpoJRuKfdcNnRWNhMMSYVCV8MuWNY9oxBuMZokvOyVJZkKZlF5EBN2UdOSJkRfeh/jXEN/8Fy/j8N4y+xo4A2o914p1FSCR4QZxVlV/xHn/8Rtr3Njcm9ZFDeHsVOyCxQnMIlMPSTc2peVEYoFeqeWgfiXRoXq4Iu3qV6tBAXfKcmuM5UVvQT212SbMMqM0/WZ4qzRfjU0L3O2LfJiWLYfGkpGCJ8SW9', 'amount': 99}, {'id': 'nLBh7gAt3s+5LpJWCWN5eOrPhjM2kac5VJnFMCIHojc=', 'who': 'ssh-rsa AAAAB3NzaC1yc2EAAAADAQABAAABAQDGIvtoERHaDEOn+AcdvlArV0/QOZUHTfGO/dIgRlZWlAlrDITDjd/dOVZ/neQ4ZXX56Ukz4pjAst3qnKWc483/wmV0JZTT+FjwgMCuvi2BURyTU0JWQTixUpoJRuKfdcNnRWNhMMSYVCV8MuWNY9oxBuMZokvOyVJZkKZlF5EBN2UdOSJkRfeh/jXEN/8Fy/j8N4y+xo4A2o914p1FSCR4QZxVlV/xHn/8Rtr3Njcm9ZFDeHsVOyCxQnMIlMPSTc2peVEYoFeqeWgfiXRoXq4Iu3qV6tBAXfKcmuM5UVvQT212SbMMqM0/WZ4qzRfjU0L3O2LfJiWLYfGkpGCJ8SW9', 'amount': 8}]}
Issuing transaction from benchmark thread
Received new transaction
Transaction with id ym+oG8JKSmri1RA/3MLwUDNt+/4pXT1QxuY9CgKcL8E= issued. Now broadcasting. 
Transaction with id ym+oG8JKSmri1RA/3MLwUDNt+/4pXT1QxuY9CgKcL8E= broadcasted. Now registering to block. 
Transaction ym+oG8JKSmri1RA/3MLwUDNt+/4pXT1QxuY9CgKcL8E= added to list of transactions
Event listening thread acquired lock
Transaction xxWqPO11+XEq3DpB6mdbyNW0qQtluUxFVoPTrU2Z5Yg= Invalid.Because missing transaction inputs
Traceback (most recent call last):
  File "/Users/soubis/Desktop/noobcash/event_listener.py", line 83, in run
    self.node.validate_transaction(transaction)
  File "/Users/soubis/Desktop/noobcash/node.py", line 243, in validate_transaction
    raise Exception('missing transaction inputs')
Exception: missing transaction inputs

Received new transaction
Event listening thread acquired lock
Transaction validated. Adding to transaction list ( current block under construction )
Transaction PvByPmKcVdqFjD+x+YZWb3Svhikj9PqSjN3R5nG3Pa8= added to list of transactions
Received new transaction
Event listening thread acquired lock
Transaction validated. Adding to transaction list ( current block under construction )
Transaction Gs3ASdE9mSn20mduFq6rj+6OxVSdelz8b/B+x1bn2Vs= added to list of transactions
Received block #4
Block invalid because: Transactions lists different length
Valid block discarded.
Received new transaction
Event listening thread acquired lock
Transaction validated. Adding to transaction list ( current block under construction )
Transaction 28kpIQqqwernTZu5S+d59dHilYkv82LDph8pIev2Vu8= added to list of transactions
Starting mining process. Benchmarker releasing lock
Currently mining caching packet
Currently mining caching packet
Currently mining caching packet
Received block #4
Block validated and added to my blockchain. Miner thread stopped for efficiency
Stopping nonce
Block #4 is valid and ready to be added to the blockchain
Issuing transaction from benchmark thread
Popping message from cached messages queue instead of socket
Received new transaction
Transaction with id cS0pq6s513gSq/G4N5/U9usDhWkJSlHgEDITKK3vHbI= issued. Now broadcasting. 
Transaction with id cS0pq6s513gSq/G4N5/U9usDhWkJSlHgEDITKK3vHbI= broadcasted. Now registering to block. 
Transaction cS0pq6s513gSq/G4N5/U9usDhWkJSlHgEDITKK3vHbI= added to list of transactions
Event listening thread acquired lock
Transaction zluhF29VplYnYQXezu006PgDU5j+gJFxDfB1yIfflmM= Invalid.Because missing transaction inputs
Traceback (most recent call last):
  File "/Users/soubis/Desktop/noobcash/event_listener.py", line 83, in run
    self.node.validate_transaction(transaction)
  File "/Users/soubis/Desktop/noobcash/node.py", line 243, in validate_transaction
    raise Exception('missing transaction inputs')
Exception: missing transaction inputs

Popping message from cached messages queue instead of socket
Received new transaction
Event listening thread acquired lock
Transaction /kJyg17rD1LE0fLX6PgZn5f9yUnN1sAEEY8nblg7BO0= Invalid.Because missing transaction inputs
Traceback (most recent call last):
  File "/Users/soubis/Desktop/noobcash/event_listener.py", line 83, in run
    self.node.validate_transaction(transaction)
  File "/Users/soubis/Desktop/noobcash/node.py", line 243, in validate_transaction
    raise Exception('missing transaction inputs')
Exception: missing transaction inputs

Popping message from cached messages queue instead of socket
Received new transaction
Event listening thread acquired lock
Transaction wXKj+a7tvD+QQQqWuKqeSSl3rW6XjQpvNfWRnq0u0TU= Invalid.Because missing transaction inputs
Traceback (most recent call last):
  File "/Users/soubis/Desktop/noobcash/event_listener.py", line 83, in run
    self.node.validate_transaction(transaction)
  File "/Users/soubis/Desktop/noobcash/node.py", line 243, in validate_transaction
    raise Exception('missing transaction inputs')
Exception: missing transaction inputs

Received request to vote for conflict resolution by node1 currently not in conflict mode
Received request to vote for conflict resolution by node2 currently not in conflict mode
Received new transaction
Event listening thread acquired lock
Transaction validated. Adding to transaction list ( current block under construction )
Transaction 3ytgya71Bki5kjp1Cr6IMS9ZW+O8M9twDawIgLoF68k= added to list of transactions
Issuing transaction from benchmark thread
Transaction with id WOcUpQ7K2tdOf2n+T6BSLRZ7Hys1CN01YpHmrpIRiPU= issued. Now broadcasting. 
Transaction with id WOcUpQ7K2tdOf2n+T6BSLRZ7Hys1CN01YpHmrpIRiPU= broadcasted. Now registering to block. 
Transaction WOcUpQ7K2tdOf2n+T6BSLRZ7Hys1CN01YpHmrpIRiPU= added to list of transactions
Received new transaction
Event listening thread acquired lock
Transaction validated. Adding to transaction list ( current block under construction )
Transaction CcZsWlqCVdu6RVwvdgsBSX2IXJWTTK8JTUdrvBexNlc= added to list of transactions
Received new transaction
Event listening thread acquired lock
Transaction validated. Adding to transaction list ( current block under construction )
Transaction wadeWK02QakNnAlD0RUHRndlm7SVXSNzYq8HUSQ+RQQ= added to list of transactions
Starting mining process. Benchmarker releasing lock
Received block #5
Block validated and added to my blockchain. Miner thread stopped for efficiency
Block #5 is valid and ready to be added to the blockchain
Stopping nonce
Issuing transaction from benchmark thread
Transaction with id bQAaNpMHSqGxnGvxZ0XXZ7Gme3+t3CIjDuu07qZxaBs= issued. Now broadcasting. 
Transaction with id bQAaNpMHSqGxnGvxZ0XXZ7Gme3+t3CIjDuu07qZxaBs= broadcasted. Now registering to block. 
Transaction bQAaNpMHSqGxnGvxZ0XXZ7Gme3+t3CIjDuu07qZxaBs= added to list of transactions
Received new transaction
Event listening thread acquired lock
Transaction validated. Adding to transaction list ( current block under construction )
Transaction GGc7wC6VCs2+vCLEQhSUpAJIiLyJVw1M3CkyMepe52Q= added to list of transactions
Received new transaction
Event listening thread acquired lock
Transaction validated. Adding to transaction list ( current block under construction )
Transaction qhflWGqnNR25Pbq3t2OyP9DyXgSe447j3v/Dqr0AK9c= added to list of transactions
Received new transaction
Event listening thread acquired lock
Transaction validated. Adding to transaction list ( current block under construction )
Transaction e2MB7rBHVWQWw8X+5u7CR5jSRMt6eE3YZh1Pxv8ewPg= added to list of transactions
Issuing transaction from benchmark thread
Transaction with id hjYcg/qnjuZRS8bDhQoviWii5BE2tn/7jI4qALhTyog= issued. Now broadcasting. 
Transaction with id hjYcg/qnjuZRS8bDhQoviWii5BE2tn/7jI4qALhTyog= broadcasted. Now registering to block. 
Transaction hjYcg/qnjuZRS8bDhQoviWii5BE2tn/7jI4qALhTyog= added to list of transactions
Starting mining process. Benchmarker releasing lock
Received block #6
Block validated and added to my blockchain. Miner thread stopped for efficiency
Stopping nonce
Block #6 is valid and ready to be added to the blockchain
Received new transaction
Event listening thread acquired lock
Transaction validated. Adding to transaction list ( current block under construction )
Transaction /xVs9Gc8+4v7wtJXZb2OLPoM3Bc9EMT7JBiyub4aVuM= added to list of transactions
Received new transaction
Event listening thread acquired lock
Transaction validated. Adding to transaction list ( current block under construction )
Transaction BCeS3IOWZUy3FmMM28APZG/z+12V2/eP2cc/GNTga5A= added to list of transactions
Received new transaction
Event listening thread acquired lock
Transaction validated. Adding to transaction list ( current block under construction )
Transaction JJWhBmzctUURcU9lQJXHt6XRaVyPmhIU4t16YVx+GAE= added to list of transactions
Issuing transaction from benchmark thread
Received new transaction
Event listening thread acquired lock
Transaction validated. Adding to transaction list ( current block under construction )
Transaction pRZgy9vc2yKhE6o7Uf4DmDOlG71ZSZz/oenkXTpav1A= added to list of transactions
Received new transaction
Event listening thread acquired lock
Transaction validated. Adding to transaction list ( current block under construction )
Transaction eJbdJ2aXiMTXxJSo/KMDpUgp0b+v6U794PigyGYTJQ8= added to list of transactions
Starting mining process. Benchmarker releasing lock
Found nonce 9050 for block with index 7
Broadcasting newly found block with index 7
Broadcasting block
Broadcasting block
Broadcasting block
Broadcasting block
Finished block broadcasting
Issuing transaction from benchmark thread
Transaction with id BR4qxbhNCQQtMbq8Ntp0sd5WqWeG6pssncgeOdJf5IU= issued. Now broadcasting. 
Transaction with id BR4qxbhNCQQtMbq8Ntp0sd5WqWeG6pssncgeOdJf5IU= broadcasted. Now registering to block. 
Transaction BR4qxbhNCQQtMbq8Ntp0sd5WqWeG6pssncgeOdJf5IU= added to list of transactions
Received new transaction
Event listening thread acquired lock
Transaction validated. Adding to transaction list ( current block under construction )
Transaction JDXXzEl8ypo7FKU/TNJYuXSQc41NJs3HyRn8q3wcwqw= added to list of transactions
Received new transaction
Event listening thread acquired lock
Transaction validated. Adding to transaction list ( current block under construction )
Transaction 3wfzMKuplRN+A6DYIktq/8WHN6FD+9i5iLBVyjdNGok= added to list of transactions
Received new transaction
Event listening thread acquired lock
Transaction validated. Adding to transaction list ( current block under construction )
Transaction DnywE6m7dAm+NtForoD+ChsUUj20LtDLbelbSdnFkPw= added to list of transactions
Received new transaction
Event listening thread acquired lock
Transaction validated. Adding to transaction list ( current block under construction )
Transaction KIuHJ1NcvXGZ5Ih64yzaF2CSp+yaYAf5GV79c2CZVkE= added to list of transactions
Starting mining process. Benchmarker releasing lock
Received block #8
Stopping nonce
Block validated and added to my blockchain. Miner thread stopped for efficiency
Issuing transaction from benchmark thread
Block #8 is valid and ready to be added to the blockchain
Received new transaction
Transaction with id A8HGt9Dw8G64hc7gub+qBg7sCVPE7HlUvO24CQV7qQw= issued. Now broadcasting. 
Transaction with id A8HGt9Dw8G64hc7gub+qBg7sCVPE7HlUvO24CQV7qQw= broadcasted. Now registering to block. 
Transaction A8HGt9Dw8G64hc7gub+qBg7sCVPE7HlUvO24CQV7qQw= added to list of transactions
Event listening thread acquired lock
Transaction validated. Adding to transaction list ( current block under construction )
Transaction xIfdNN8PYfp/CYy8BElDZHnQ8XXT0icTELE5HsANoIk= added to list of transactions
Received new transaction
Event listening thread acquired lock
Transaction validated. Adding to transaction list ( current block under construction )
Transaction AIIDvGC38TKHSg/+TJf8LjyxOzKFAN69HxSuSe1rHyo= added to list of transactions
Received new transaction
Event listening thread acquired lock
Transaction validated. Adding to transaction list ( current block under construction )
Transaction M5ahcJ53aCxbP1n+AezxqPLB9G/OhlZAjmhaO0uFAx8= added to list of transactions
Received new transaction
Event listening thread acquired lock
Transaction TZKyCcSktNwM/OwTcliq7PYlZJQ2f3Fr22SkevXU/gg= Invalid.Because missing transaction inputs
Traceback (most recent call last):
  File "/Users/soubis/Desktop/noobcash/event_listener.py", line 83, in run
    self.node.validate_transaction(transaction)
  File "/Users/soubis/Desktop/noobcash/node.py", line 243, in validate_transaction
    raise Exception('missing transaction inputs')
Exception: missing transaction inputs

Received new transaction
Event listening thread acquired lock
Transaction 81g73Pi3jWckoyXho9NVYHRKkqW6Sg2YAO0R3xyxHVk= Invalid.Because missing transaction inputs
Traceback (most recent call last):
  File "/Users/soubis/Desktop/noobcash/event_listener.py", line 83, in run
    self.node.validate_transaction(transaction)
  File "/Users/soubis/Desktop/noobcash/node.py", line 243, in validate_transaction
    raise Exception('missing transaction inputs')
Exception: missing transaction inputs

Issuing transaction from benchmark thread
Transaction with id G2Q605/WMyRuMR8aKAwja/6ZS1RSXTaLISZUorEVPNY= issued. Now broadcasting. 
Transaction with id G2Q605/WMyRuMR8aKAwja/6ZS1RSXTaLISZUorEVPNY= broadcasted. Now registering to block. 
Transaction G2Q605/WMyRuMR8aKAwja/6ZS1RSXTaLISZUorEVPNY= added to list of transactions
Starting mining process. Benchmarker releasing lock
Received block #9
Block invalid because: Transactions lists dont match
Valid block discarded.
Currently mining caching packet
Found nonce 12475 for block with index 9
Broadcasting newly found block with index 9
Broadcasting block
Broadcasting block
Broadcasting block
Broadcasting block
Finished block broadcasting
Issuing transaction from benchmark thread
Received request to vote for conflict resolution by node1 currently not in conflict mode
Popping message from cached messages queue instead of socket
Received new transaction
Transaction with id 1Gr2+sZin2/fCXjzdB1CKe7tcym8oK/SXD4WCd46W0M= issued. Now broadcasting. 
Transaction with id 1Gr2+sZin2/fCXjzdB1CKe7tcym8oK/SXD4WCd46W0M= broadcasted. Now registering to block. 
Transaction 1Gr2+sZin2/fCXjzdB1CKe7tcym8oK/SXD4WCd46W0M= added to list of transactions
Event listening thread acquired lock
Transaction twI4YXmpKkM2zrfRy5rnBDzJ/pRgrXeZ0U8NhEjiIwE= Invalid.Because missing transaction inputs
Traceback (most recent call last):
  File "/Users/soubis/Desktop/noobcash/event_listener.py", line 83, in run
    self.node.validate_transaction(transaction)
  File "/Users/soubis/Desktop/noobcash/node.py", line 243, in validate_transaction
    raise Exception('missing transaction inputs')
Exception: missing transaction inputs

Received request to vote for conflict resolution by node2 currently not in conflict mode
blockchain_requested from node #1
blockchain_requested from node #2
Received block #9
Block invalid because: Wrong index or previous hash
Valid block discarded.
Previous hash mismatch. Received block belongs to a different blockchain initializing consensus algorithm
Lock acquired for conflict resolution
In resolving conflict mode.
Received request to vote for conflict resolution by node1 while in conflict mode
In resolving conflict mode.
Received request to vote for conflict resolution by node2 while in conflict mode
In resolving conflict mode.
Received conflict resolution vote of length: 0by node0
{'0 AAApX2guvCajTuJH7XdiHJRwJvs1tBJz5smgBuld7ew=': [0]}
In resolving conflict mode.
Received conflict resolution vote of length: 0by node1
{'0 AAApX2guvCajTuJH7XdiHJRwJvs1tBJz5smgBuld7ew=': [0], '0 AABzFMAPMaA+YFmBdp9HmRkRrnaXs5H0WXIA70l88mU=': [1]}
In resolving conflict mode.
Received conflict resolution vote of length: 0by node2
{'0 AAApX2guvCajTuJH7XdiHJRwJvs1tBJz5smgBuld7ew=': [0], '0 AABzFMAPMaA+YFmBdp9HmRkRrnaXs5H0WXIA70l88mU=': [1, 2]}
In resolving conflict mode.
In resolving conflict mode.
Received conflict resolution vote of length: 10by node3
{'0 AAApX2guvCajTuJH7XdiHJRwJvs1tBJz5smgBuld7ew=': [0], '0 AABzFMAPMaA+YFmBdp9HmRkRrnaXs5H0WXIA70l88mU=': [1, 2], '10 AAAzcanRp07Io6i2c0hsaMAj7PHtFGcpTVhyUWA+DZU=': [3]}
Decided on max length = 10
In resolving conflict mode.
Received blockchain block with index 0 for conflict resolution by node3
Discarding my blockchain receiving new one
In resolving conflict mode.
Received blockchain block with index 1 for conflict resolution by node3
In resolving conflict mode.
Received blockchain block with index 2 for conflict resolution by node3
In resolving conflict mode.
Received blockchain block with index 3 for conflict resolution by node3
In resolving conflict mode.
Received blockchain block with index 4 for conflict resolution by node3
In resolving conflict mode.
Received blockchain block with index 5 for conflict resolution by node3
In resolving conflict mode.
Received blockchain block with index 6 for conflict resolution by node3
In resolving conflict mode.
Received blockchain block with index 7 for conflict resolution by node3
In resolving conflict mode.
Received blockchain block with index 8 for conflict resolution by node3
In resolving conflict mode.
Received blockchain block with index 9 for conflict resolution by node3
In resolving conflict mode.
Received Transaction list and utxos for conflict resolution by node3
RECEIVED UTXOS
{0: [{'id': 'XTgbpizHBRZm3uFdMWFa5O+zgFjNQQqbWAybwk90GF4=', 'who': 'ssh-rsa AAAAB3NzaC1yc2EAAAADAQABAAABAQCqTJXfmFjtJnbBQw2H/k2dMEYHw0hsaFNOXJq/iS8nGOkhusWiCr+cVAmr76fnA3M28sF8EXPkFwm3XUOIJuF4cMukXb3TD4SvlBlLQcfW46ras7Krhe7BYbGTQhwLrtDmudb5pRUSYQO1kQN6DxEQpfo7Pkz8EYwh1Gg5nna9P+yrZecHUASi3OKcfba3KAzMhnz+t0idjaD2qRHWRkCCFZqpRtEwQ07xbNE9a7IOnyImamjSRnGQztzatK5tqne/Tv0wBD8cIVApaPd0Fpq7dPFMXNTFsGcAZfRphThUCHQYcc6l4z+t5m+Xdecwj8t0f+iY5QqFGjoNZHDY1/6P', 'amount': 6}, {'id': 'dtDdSwlQoNu22ZdaR9yFyg2DyKm11Ti1QXnPLWE3CVg=', 'who': 'ssh-rsa AAAAB3NzaC1yc2EAAAADAQABAAABAQCqTJXfmFjtJnbBQw2H/k2dMEYHw0hsaFNOXJq/iS8nGOkhusWiCr+cVAmr76fnA3M28sF8EXPkFwm3XUOIJuF4cMukXb3TD4SvlBlLQcfW46ras7Krhe7BYbGTQhwLrtDmudb5pRUSYQO1kQN6DxEQpfo7Pkz8EYwh1Gg5nna9P+yrZecHUASi3OKcfba3KAzMhnz+t0idjaD2qRHWRkCCFZqpRtEwQ07xbNE9a7IOnyImamjSRnGQztzatK5tqne/Tv0wBD8cIVApaPd0Fpq7dPFMXNTFsGcAZfRphThUCHQYcc6l4z+t5m+Xdecwj8t0f+iY5QqFGjoNZHDY1/6P', 'amount': 9}, {'id': 'h4FIcwr2Hnqa604UhlAhN06Ij0L3L1TerWiiozrhZoQ=', 'who': 'ssh-rsa AAAAB3NzaC1yc2EAAAADAQABAAABAQCqTJXfmFjtJnbBQw2H/k2dMEYHw0hsaFNOXJq/iS8nGOkhusWiCr+cVAmr76fnA3M28sF8EXPkFwm3XUOIJuF4cMukXb3TD4SvlBlLQcfW46ras7Krhe7BYbGTQhwLrtDmudb5pRUSYQO1kQN6DxEQpfo7Pkz8EYwh1Gg5nna9P+yrZecHUASi3OKcfba3KAzMhnz+t0idjaD2qRHWRkCCFZqpRtEwQ07xbNE9a7IOnyImamjSRnGQztzatK5tqne/Tv0wBD8cIVApaPd0Fpq7dPFMXNTFsGcAZfRphThUCHQYcc6l4z+t5m+Xdecwj8t0f+iY5QqFGjoNZHDY1/6P', 'amount': 2}, {'id': 'WOcUpQ7K2tdOf2n+T6BSLRZ7Hys1CN01YpHmrpIRiPU=', 'who': 'ssh-rsa AAAAB3NzaC1yc2EAAAADAQABAAABAQCqTJXfmFjtJnbBQw2H/k2dMEYHw0hsaFNOXJq/iS8nGOkhusWiCr+cVAmr76fnA3M28sF8EXPkFwm3XUOIJuF4cMukXb3TD4SvlBlLQcfW46ras7Krhe7BYbGTQhwLrtDmudb5pRUSYQO1kQN6DxEQpfo7Pkz8EYwh1Gg5nna9P+yrZecHUASi3OKcfba3KAzMhnz+t0idjaD2qRHWRkCCFZqpRtEwQ07xbNE9a7IOnyImamjSRnGQztzatK5tqne/Tv0wBD8cIVApaPd0Fpq7dPFMXNTFsGcAZfRphThUCHQYcc6l4z+t5m+Xdecwj8t0f+iY5QqFGjoNZHDY1/6P', 'amount': 1}, {'id': 'wadeWK02QakNnAlD0RUHRndlm7SVXSNzYq8HUSQ+RQQ=', 'who': 'ssh-rsa AAAAB3NzaC1yc2EAAAADAQABAAABAQCqTJXfmFjtJnbBQw2H/k2dMEYHw0hsaFNOXJq/iS8nGOkhusWiCr+cVAmr76fnA3M28sF8EXPkFwm3XUOIJuF4cMukXb3TD4SvlBlLQcfW46ras7Krhe7BYbGTQhwLrtDmudb5pRUSYQO1kQN6DxEQpfo7Pkz8EYwh1Gg5nna9P+yrZecHUASi3OKcfba3KAzMhnz+t0idjaD2qRHWRkCCFZqpRtEwQ07xbNE9a7IOnyImamjSRnGQztzatK5tqne/Tv0wBD8cIVApaPd0Fpq7dPFMXNTFsGcAZfRphThUCHQYcc6l4z+t5m+Xdecwj8t0f+iY5QqFGjoNZHDY1/6P', 'amount': 1}, {'id': 'e2MB7rBHVWQWw8X+5u7CR5jSRMt6eE3YZh1Pxv8ewPg=', 'who': 'ssh-rsa AAAAB3NzaC1yc2EAAAADAQABAAABAQCqTJXfmFjtJnbBQw2H/k2dMEYHw0hsaFNOXJq/iS8nGOkhusWiCr+cVAmr76fnA3M28sF8EXPkFwm3XUOIJuF4cMukXb3TD4SvlBlLQcfW46ras7Krhe7BYbGTQhwLrtDmudb5pRUSYQO1kQN6DxEQpfo7Pkz8EYwh1Gg5nna9P+yrZecHUASi3OKcfba3KAzMhnz+t0idjaD2qRHWRkCCFZqpRtEwQ07xbNE9a7IOnyImamjSRnGQztzatK5tqne/Tv0wBD8cIVApaPd0Fpq7dPFMXNTFsGcAZfRphThUCHQYcc6l4z+t5m+Xdecwj8t0f+iY5QqFGjoNZHDY1/6P', 'amount': 3}, {'id': 'eJbdJ2aXiMTXxJSo/KMDpUgp0b+v6U794PigyGYTJQ8=', 'who': 'ssh-rsa AAAAB3NzaC1yc2EAAAADAQABAAABAQCqTJXfmFjtJnbBQw2H/k2dMEYHw0hsaFNOXJq/iS8nGOkhusWiCr+cVAmr76fnA3M28sF8EXPkFwm3XUOIJuF4cMukXb3TD4SvlBlLQcfW46ras7Krhe7BYbGTQhwLrtDmudb5pRUSYQO1kQN6DxEQpfo7Pkz8EYwh1Gg5nna9P+yrZecHUASi3OKcfba3KAzMhnz+t0idjaD2qRHWRkCCFZqpRtEwQ07xbNE9a7IOnyImamjSRnGQztzatK5tqne/Tv0wBD8cIVApaPd0Fpq7dPFMXNTFsGcAZfRphThUCHQYcc6l4z+t5m+Xdecwj8t0f+iY5QqFGjoNZHDY1/6P', 'amount': 7}, {'id': 'BR4qxbhNCQQtMbq8Ntp0sd5WqWeG6pssncgeOdJf5IU=', 'who': 'ssh-rsa AAAAB3NzaC1yc2EAAAADAQABAAABAQCqTJXfmFjtJnbBQw2H/k2dMEYHw0hsaFNOXJq/iS8nGOkhusWiCr+cVAmr76fnA3M28sF8EXPkFwm3XUOIJuF4cMukXb3TD4SvlBlLQcfW46ras7Krhe7BYbGTQhwLrtDmudb5pRUSYQO1kQN6DxEQpfo7Pkz8EYwh1Gg5nna9P+yrZecHUASi3OKcfba3KAzMhnz+t0idjaD2qRHWRkCCFZqpRtEwQ07xbNE9a7IOnyImamjSRnGQztzatK5tqne/Tv0wBD8cIVApaPd0Fpq7dPFMXNTFsGcAZfRphThUCHQYcc6l4z+t5m+Xdecwj8t0f+iY5QqFGjoNZHDY1/6P', 'amount': 3}, {'id': 'AIIDvGC38TKHSg/+TJf8LjyxOzKFAN69HxSuSe1rHyo=', 'who': 'ssh-rsa AAAAB3NzaC1yc2EAAAADAQABAAABAQCqTJXfmFjtJnbBQw2H/k2dMEYHw0hsaFNOXJq/iS8nGOkhusWiCr+cVAmr76fnA3M28sF8EXPkFwm3XUOIJuF4cMukXb3TD4SvlBlLQcfW46ras7Krhe7BYbGTQhwLrtDmudb5pRUSYQO1kQN6DxEQpfo7Pkz8EYwh1Gg5nna9P+yrZecHUASi3OKcfba3KAzMhnz+t0idjaD2qRHWRkCCFZqpRtEwQ07xbNE9a7IOnyImamjSRnGQztzatK5tqne/Tv0wBD8cIVApaPd0Fpq7dPFMXNTFsGcAZfRphThUCHQYcc6l4z+t5m+Xdecwj8t0f+iY5QqFGjoNZHDY1/6P', 'amount': 10}, {'id': 'G2Q605/WMyRuMR8aKAwja/6ZS1RSXTaLISZUorEVPNY=', 'who': 'ssh-rsa AAAAB3NzaC1yc2EAAAADAQABAAABAQCqTJXfmFjtJnbBQw2H/k2dMEYHw0hsaFNOXJq/iS8nGOkhusWiCr+cVAmr76fnA3M28sF8EXPkFwm3XUOIJuF4cMukXb3TD4SvlBlLQcfW46ras7Krhe7BYbGTQhwLrtDmudb5pRUSYQO1kQN6DxEQpfo7Pkz8EYwh1Gg5nna9P+yrZecHUASi3OKcfba3KAzMhnz+t0idjaD2qRHWRkCCFZqpRtEwQ07xbNE9a7IOnyImamjSRnGQztzatK5tqne/Tv0wBD8cIVApaPd0Fpq7dPFMXNTFsGcAZfRphThUCHQYcc6l4z+t5m+Xdecwj8t0f+iY5QqFGjoNZHDY1/6P', 'amount': 9}], 1: [{'id': 'TZKyCcSktNwM/OwTcliq7PYlZJQ2f3Fr22SkevXU/gg=', 'who': 'ssh-rsa AAAAB3NzaC1yc2EAAAADAQABAAABAQCqS7Yuv59ND9+V1htiSkfvw8eCjQ4kWs+1KoTwYxz3xMITm80PYNazyz7oB2Xg5I7sz4bl+Ie7jMe96+gE9/7YGKuqblAjCWAv6lxj9dKTEbKP/IklCpcZB/q8qwulGtU/FF0zezvPQbO8uLx5pWpShkxsJDRkyuFsdc1l0bMTmZvgugLmQ2mzB1Ardp9a9yLsHCxADmYOISYQtMDsicju3nc8NbPrqR9/XNZU/oFtC/rgXgKeKG3gDY3D5c3E05XUjXMc9sfjTpC02rAhiM/HYhTCbuLKAmlA16TxXuAtGS2EXqGhHob9TEh58mFxgKM6mbqFmRICi649A9SrHE/Z', 'amount': 3}], 2: [{'id': 'xIfdNN8PYfp/CYy8BElDZHnQ8XXT0icTELE5HsANoIk=', 'who': 'ssh-rsa AAAAB3NzaC1yc2EAAAADAQABAAABAQDmHyTfXFrhCmcCPHQLF2UJRz05NPTTIi7cJJdnqCS0f2EZmHI5lwIyIAq+d3bBVjMIddfuEDP9bmTx0NRol9UvmOyHuPCl83KblHlC0N5fIEgKF4DYs2nS6/XhUFezrssjOfSHYdYJxqRjaj/TrtxKbzsUkOoQtls2r5TytEkQkqwWBmtJEgogwQqpurMN3tXd1vtKSReDMW4Co9hBG/MqlPeZPvI/BB+zgJ3Sj3RnaG4/SoC5/WN1XZzXN8sIbr/HDYxTiC1K3K2b36jZQAPpM3cOdUm59jCkgdjb23HhFYV6cah2AeyiiEtx2B+LjDZ8j3SDPfw7FgARQdIFfnf5', 'amount': 7}], 3: [{'id': 'GeXXD5x2mJeho/tDYXqUCWAFhdVxX7Dfi/yiDV1b+9k=', 'who': 'ssh-rsa AAAAB3NzaC1yc2EAAAADAQABAAABAQD+A2hLkjI/wya7IKKNRKW7W8Go7fEl9a9egyCEMbC/h+T/QexJ3inAT/e5Z5yWC1y/4/O8weQM+rQLGDjUvI5GT4NFLlrMYsAm1ycm8Zvs9GjWn7lryMHdXYExJv/TjVvoniEmLTKOe3rw/WEFAO4le33hGwDadb7Dhof/yC3kGAVaKtzpwTDO58YbwxFoAcmLwuNQOlEFBOl8O/dR0XBUI2+Ju4Ni3J2eruH1+9ZG5qijuosc2WKxcBlrj64KJ8uQVYqZR3QKajp5jJAWvdhgvG+ZOgyGBeqpKYhHhUJRHMwv4zETt52rwECaJFGt4E7aGnuuFjhQS/7gLWmvDiYh', 'amount': 35}], 4: [{'id': 'G2Q605/WMyRuMR8aKAwja/6ZS1RSXTaLISZUorEVPNY=', 'who': 'ssh-rsa AAAAB3NzaC1yc2EAAAADAQABAAABAQDGIvtoERHaDEOn+AcdvlArV0/QOZUHTfGO/dIgRlZWlAlrDITDjd/dOVZ/neQ4ZXX56Ukz4pjAst3qnKWc483/wmV0JZTT+FjwgMCuvi2BURyTU0JWQTixUpoJRuKfdcNnRWNhMMSYVCV8MuWNY9oxBuMZokvOyVJZkKZlF5EBN2UdOSJkRfeh/jXEN/8Fy/j8N4y+xo4A2o914p1FSCR4QZxVlV/xHn/8Rtr3Njcm9ZFDeHsVOyCxQnMIlMPSTc2peVEYoFeqeWgfiXRoXq4Iu3qV6tBAXfKcmuM5UVvQT212SbMMqM0/WZ4qzRfjU0L3O2LfJiWLYfGkpGCJ8SW9', 'amount': 99}]}
Issuing transaction from benchmark thread
Transaction with id IabzeP7IV+S8ESxfI55haQxnO6hKXtPj4K1F3pexnoE= issued. Now broadcasting. 
Transaction with id IabzeP7IV+S8ESxfI55haQxnO6hKXtPj4K1F3pexnoE= broadcasted. Now registering to block. 
Transaction IabzeP7IV+S8ESxfI55haQxnO6hKXtPj4K1F3pexnoE= added to list of transactions
Issuing transaction from benchmark thread
Transaction with id prNsy52npoRj6X6URdsn1YE5vVehdF4Hy4OsrSEaXTI= issued. Now broadcasting. 
Transaction with id prNsy52npoRj6X6URdsn1YE5vVehdF4Hy4OsrSEaXTI= broadcasted. Now registering to block. 
Transaction prNsy52npoRj6X6URdsn1YE5vVehdF4Hy4OsrSEaXTI= added to list of transactions
Received new transaction
Event listening thread acquired lock
Transaction validated. Adding to transaction list ( current block under construction )
Transaction eYECh/oUiDHBlm8/Q0AORyxqGMpHScSO0g5BGzynTmI= added to list of transactions
Starting mining process. Benchmarker releasing lock
Received block #10
Stopping nonce
Block validated and added to my blockchain. Miner thread stopped for efficiency
Block #10 is valid and ready to be added to the blockchain
Received new transaction
Event listening thread acquired lock
Transaction validated. Adding to transaction list ( current block under construction )
Transaction ijGbS7u1qaIylRHOzRwr/0EdddpcOJDfRS4a9dw4m0M= added to list of transactions
Received new transaction
Event listening thread acquired lock
Transaction validated. Adding to transaction list ( current block under construction )
Transaction qZreoBxypMRwL55BL2+yxJbuBInyFHpZ8iwFesG69Ys= added to list of transactions
Received new transaction
Event listening thread acquired lock
Transaction validated. Adding to transaction list ( current block under construction )
Transaction gRXpmlRBrwP80Ol9qnniI8LO4NTlE77SYmb4yt4pnFE= added to list of transactions
Issuing transaction from benchmark thread
Transaction with id EAyTKBeJH37HvdClUf4QQ2eld5hmihElDC05t+Kt8mI= issued. Now broadcasting. 
Transaction with id EAyTKBeJH37HvdClUf4QQ2eld5hmihElDC05t+Kt8mI= broadcasted. Now registering to block. 
Transaction EAyTKBeJH37HvdClUf4QQ2eld5hmihElDC05t+Kt8mI= added to list of transactions
Received new transaction
Event listening thread acquired lock
Transaction ofMOyQ7g0gVspJG5HwEjN59uRMcTOgWVFcA4DueREuo= Invalid.Because missing transaction inputs
Traceback (most recent call last):
  File "/Users/soubis/Desktop/noobcash/event_listener.py", line 83, in run
    self.node.validate_transaction(transaction)
  File "/Users/soubis/Desktop/noobcash/node.py", line 243, in validate_transaction
    raise Exception('missing transaction inputs')
Exception: missing transaction inputs

Received new transaction
Event listening thread acquired lock
Transaction validated. Adding to transaction list ( current block under construction )
Transaction qoYm1I9m/QE5bHL7/jSTH39Pk5k/axkNEJWXg9M3m7E= added to list of transactions
Starting mining process. Benchmarker releasing lock
Found nonce 39040 for block with index 11
Broadcasting newly found block with index 11
Broadcasting block
Broadcasting block
Broadcasting block
Broadcasting block
Finished block broadcasting
Issuing transaction from benchmark thread
Transaction with id 2yqnizezNolBI0omKwQtkRiklTYriUMqH838qDEWAZQ= issued. Now broadcasting. 
Transaction with id 2yqnizezNolBI0omKwQtkRiklTYriUMqH838qDEWAZQ= broadcasted. Now registering to block. 
Transaction 2yqnizezNolBI0omKwQtkRiklTYriUMqH838qDEWAZQ= added to list of transactions
Received new transaction
Event listening thread acquired lock
Transaction validated. Adding to transaction list ( current block under construction )
Transaction aue/GrkNIOCpgcUdw+Adak0bwe3m43A/rV6IuFi5BiM= added to list of transactions
Received new transaction
Event listening thread acquired lock
Transaction validated. Adding to transaction list ( current block under construction )
Transaction BA9T5yIEkpYE9Gu3wY27sgWqGvVKku7/zWP7BUAR3OI= added to list of transactions
Received new transaction
Event listening thread acquired lock
Transaction validated. Adding to transaction list ( current block under construction )
Transaction ocQxaYObzUlxWxVG2PeO89GioDWpEm4AfHg5kk8R5y8= added to list of transactions
Received new transaction
Event listening thread acquired lock
Transaction validated. Adding to transaction list ( current block under construction )
Transaction 82Ao04rIS8dlUIRh4T4Yl0bRBcnxZTueEq9I1zLGfmo= added to list of transactions
Starting mining process. Benchmarker releasing lock
Found nonce 3920 for block with index 12
Broadcasting newly found block with index 12
Broadcasting block
Broadcasting block
Broadcasting block
Broadcasting block
Finished block broadcasting
Received block #11
Block invalid because: Wrong index or previous hash
Valid block discarded.
Previous hash mismatch. Received block belongs to a different blockchain initializing consensus algorithm
Lock acquired for conflict resolution
In resolving conflict mode.
Received request to vote for conflict resolution by node2 while in conflict mode
In resolving conflict mode.
Received request to vote for conflict resolution by node3 while in conflict mode
In resolving conflict mode.
Received request to vote for conflict resolution by node1 while in conflict mode
In resolving conflict mode.
Received conflict resolution vote of length: 0by node0
{'0 AAApX2guvCajTuJH7XdiHJRwJvs1tBJz5smgBuld7ew=': [0]}
In resolving conflict mode.
Received conflict resolution vote of length: 0by node2
{'0 AAApX2guvCajTuJH7XdiHJRwJvs1tBJz5smgBuld7ew=': [0], '0 AADMwvgRG/3RTSFNKEqUzJqDfrhbL7Su0vyd4sIlG3M=': [2]}
In resolving conflict mode.
Received conflict resolution vote of length: 0by node1
{'0 AAApX2guvCajTuJH7XdiHJRwJvs1tBJz5smgBuld7ew=': [0], '0 AADMwvgRG/3RTSFNKEqUzJqDfrhbL7Su0vyd4sIlG3M=': [2], '0 AACbrLPy5tXboNYLhrU+8FfxRJRwztCIrUoFnxtbg34=': [1]}
In resolving conflict mode.
Received conflict resolution vote of length: 0by node3
{'0 AAApX2guvCajTuJH7XdiHJRwJvs1tBJz5smgBuld7ew=': [0], '0 AADMwvgRG/3RTSFNKEqUzJqDfrhbL7Su0vyd4sIlG3M=': [2, 3], '0 AACbrLPy5tXboNYLhrU+8FfxRJRwztCIrUoFnxtbg34=': [1]}
Decided on max length = 0
In resolving conflict mode.
Received blockchain block with index 0 for conflict resolution by node3
Discarding my blockchain receiving new one
In resolving conflict mode.
Received blockchain block with index 1 for conflict resolution by node3
In resolving conflict mode.
Received blockchain block with index 2 for conflict resolution by node3
In resolving conflict mode.
Received blockchain block with index 3 for conflict resolution by node3
In resolving conflict mode.
Received blockchain block with index 4 for conflict resolution by node3
In resolving conflict mode.
Received blockchain block with index 5 for conflict resolution by node3
In resolving conflict mode.
Received blockchain block with index 6 for conflict resolution by node3
In resolving conflict mode.
Received blockchain block with index 7 for conflict resolution by node3
In resolving conflict mode.
Received blockchain block with index 8 for conflict resolution by node3
In resolving conflict mode.
Received blockchain block with index 9 for conflict resolution by node3
In resolving conflict mode.
Received blockchain block with index 10 for conflict resolution by node3
In resolving conflict mode.
Received blockchain block with index 11 for conflict resolution by node3
In resolving conflict mode.
Received blockchain block with index 12 for conflict resolution by node3
In resolving conflict mode.
Received Transaction list and utxos for conflict resolution by node3
RECEIVED UTXOS
{0: [{'id': 'XTgbpizHBRZm3uFdMWFa5O+zgFjNQQqbWAybwk90GF4=', 'who': 'ssh-rsa AAAAB3NzaC1yc2EAAAADAQABAAABAQCqTJXfmFjtJnbBQw2H/k2dMEYHw0hsaFNOXJq/iS8nGOkhusWiCr+cVAmr76fnA3M28sF8EXPkFwm3XUOIJuF4cMukXb3TD4SvlBlLQcfW46ras7Krhe7BYbGTQhwLrtDmudb5pRUSYQO1kQN6DxEQpfo7Pkz8EYwh1Gg5nna9P+yrZecHUASi3OKcfba3KAzMhnz+t0idjaD2qRHWRkCCFZqpRtEwQ07xbNE9a7IOnyImamjSRnGQztzatK5tqne/Tv0wBD8cIVApaPd0Fpq7dPFMXNTFsGcAZfRphThUCHQYcc6l4z+t5m+Xdecwj8t0f+iY5QqFGjoNZHDY1/6P', 'amount': 6}, {'id': 'dtDdSwlQoNu22ZdaR9yFyg2DyKm11Ti1QXnPLWE3CVg=', 'who': 'ssh-rsa AAAAB3NzaC1yc2EAAAADAQABAAABAQCqTJXfmFjtJnbBQw2H/k2dMEYHw0hsaFNOXJq/iS8nGOkhusWiCr+cVAmr76fnA3M28sF8EXPkFwm3XUOIJuF4cMukXb3TD4SvlBlLQcfW46ras7Krhe7BYbGTQhwLrtDmudb5pRUSYQO1kQN6DxEQpfo7Pkz8EYwh1Gg5nna9P+yrZecHUASi3OKcfba3KAzMhnz+t0idjaD2qRHWRkCCFZqpRtEwQ07xbNE9a7IOnyImamjSRnGQztzatK5tqne/Tv0wBD8cIVApaPd0Fpq7dPFMXNTFsGcAZfRphThUCHQYcc6l4z+t5m+Xdecwj8t0f+iY5QqFGjoNZHDY1/6P', 'amount': 9}, {'id': 'h4FIcwr2Hnqa604UhlAhN06Ij0L3L1TerWiiozrhZoQ=', 'who': 'ssh-rsa AAAAB3NzaC1yc2EAAAADAQABAAABAQCqTJXfmFjtJnbBQw2H/k2dMEYHw0hsaFNOXJq/iS8nGOkhusWiCr+cVAmr76fnA3M28sF8EXPkFwm3XUOIJuF4cMukXb3TD4SvlBlLQcfW46ras7Krhe7BYbGTQhwLrtDmudb5pRUSYQO1kQN6DxEQpfo7Pkz8EYwh1Gg5nna9P+yrZecHUASi3OKcfba3KAzMhnz+t0idjaD2qRHWRkCCFZqpRtEwQ07xbNE9a7IOnyImamjSRnGQztzatK5tqne/Tv0wBD8cIVApaPd0Fpq7dPFMXNTFsGcAZfRphThUCHQYcc6l4z+t5m+Xdecwj8t0f+iY5QqFGjoNZHDY1/6P', 'amount': 2}, {'id': 'WOcUpQ7K2tdOf2n+T6BSLRZ7Hys1CN01YpHmrpIRiPU=', 'who': 'ssh-rsa AAAAB3NzaC1yc2EAAAADAQABAAABAQCqTJXfmFjtJnbBQw2H/k2dMEYHw0hsaFNOXJq/iS8nGOkhusWiCr+cVAmr76fnA3M28sF8EXPkFwm3XUOIJuF4cMukXb3TD4SvlBlLQcfW46ras7Krhe7BYbGTQhwLrtDmudb5pRUSYQO1kQN6DxEQpfo7Pkz8EYwh1Gg5nna9P+yrZecHUASi3OKcfba3KAzMhnz+t0idjaD2qRHWRkCCFZqpRtEwQ07xbNE9a7IOnyImamjSRnGQztzatK5tqne/Tv0wBD8cIVApaPd0Fpq7dPFMXNTFsGcAZfRphThUCHQYcc6l4z+t5m+Xdecwj8t0f+iY5QqFGjoNZHDY1/6P', 'amount': 1}, {'id': 'wadeWK02QakNnAlD0RUHRndlm7SVXSNzYq8HUSQ+RQQ=', 'who': 'ssh-rsa AAAAB3NzaC1yc2EAAAADAQABAAABAQCqTJXfmFjtJnbBQw2H/k2dMEYHw0hsaFNOXJq/iS8nGOkhusWiCr+cVAmr76fnA3M28sF8EXPkFwm3XUOIJuF4cMukXb3TD4SvlBlLQcfW46ras7Krhe7BYbGTQhwLrtDmudb5pRUSYQO1kQN6DxEQpfo7Pkz8EYwh1Gg5nna9P+yrZecHUASi3OKcfba3KAzMhnz+t0idjaD2qRHWRkCCFZqpRtEwQ07xbNE9a7IOnyImamjSRnGQztzatK5tqne/Tv0wBD8cIVApaPd0Fpq7dPFMXNTFsGcAZfRphThUCHQYcc6l4z+t5m+Xdecwj8t0f+iY5QqFGjoNZHDY1/6P', 'amount': 1}, {'id': 'e2MB7rBHVWQWw8X+5u7CR5jSRMt6eE3YZh1Pxv8ewPg=', 'who': 'ssh-rsa AAAAB3NzaC1yc2EAAAADAQABAAABAQCqTJXfmFjtJnbBQw2H/k2dMEYHw0hsaFNOXJq/iS8nGOkhusWiCr+cVAmr76fnA3M28sF8EXPkFwm3XUOIJuF4cMukXb3TD4SvlBlLQcfW46ras7Krhe7BYbGTQhwLrtDmudb5pRUSYQO1kQN6DxEQpfo7Pkz8EYwh1Gg5nna9P+yrZecHUASi3OKcfba3KAzMhnz+t0idjaD2qRHWRkCCFZqpRtEwQ07xbNE9a7IOnyImamjSRnGQztzatK5tqne/Tv0wBD8cIVApaPd0Fpq7dPFMXNTFsGcAZfRphThUCHQYcc6l4z+t5m+Xdecwj8t0f+iY5QqFGjoNZHDY1/6P', 'amount': 3}, {'id': 'eJbdJ2aXiMTXxJSo/KMDpUgp0b+v6U794PigyGYTJQ8=', 'who': 'ssh-rsa AAAAB3NzaC1yc2EAAAADAQABAAABAQCqTJXfmFjtJnbBQw2H/k2dMEYHw0hsaFNOXJq/iS8nGOkhusWiCr+cVAmr76fnA3M28sF8EXPkFwm3XUOIJuF4cMukXb3TD4SvlBlLQcfW46ras7Krhe7BYbGTQhwLrtDmudb5pRUSYQO1kQN6DxEQpfo7Pkz8EYwh1Gg5nna9P+yrZecHUASi3OKcfba3KAzMhnz+t0idjaD2qRHWRkCCFZqpRtEwQ07xbNE9a7IOnyImamjSRnGQztzatK5tqne/Tv0wBD8cIVApaPd0Fpq7dPFMXNTFsGcAZfRphThUCHQYcc6l4z+t5m+Xdecwj8t0f+iY5QqFGjoNZHDY1/6P', 'amount': 7}, {'id': 'BR4qxbhNCQQtMbq8Ntp0sd5WqWeG6pssncgeOdJf5IU=', 'who': 'ssh-rsa AAAAB3NzaC1yc2EAAAADAQABAAABAQCqTJXfmFjtJnbBQw2H/k2dMEYHw0hsaFNOXJq/iS8nGOkhusWiCr+cVAmr76fnA3M28sF8EXPkFwm3XUOIJuF4cMukXb3TD4SvlBlLQcfW46ras7Krhe7BYbGTQhwLrtDmudb5pRUSYQO1kQN6DxEQpfo7Pkz8EYwh1Gg5nna9P+yrZecHUASi3OKcfba3KAzMhnz+t0idjaD2qRHWRkCCFZqpRtEwQ07xbNE9a7IOnyImamjSRnGQztzatK5tqne/Tv0wBD8cIVApaPd0Fpq7dPFMXNTFsGcAZfRphThUCHQYcc6l4z+t5m+Xdecwj8t0f+iY5QqFGjoNZHDY1/6P', 'amount': 3}, {'id': 'AIIDvGC38TKHSg/+TJf8LjyxOzKFAN69HxSuSe1rHyo=', 'who': 'ssh-rsa AAAAB3NzaC1yc2EAAAADAQABAAABAQCqTJXfmFjtJnbBQw2H/k2dMEYHw0hsaFNOXJq/iS8nGOkhusWiCr+cVAmr76fnA3M28sF8EXPkFwm3XUOIJuF4cMukXb3TD4SvlBlLQcfW46ras7Krhe7BYbGTQhwLrtDmudb5pRUSYQO1kQN6DxEQpfo7Pkz8EYwh1Gg5nna9P+yrZecHUASi3OKcfba3KAzMhnz+t0idjaD2qRHWRkCCFZqpRtEwQ07xbNE9a7IOnyImamjSRnGQztzatK5tqne/Tv0wBD8cIVApaPd0Fpq7dPFMXNTFsGcAZfRphThUCHQYcc6l4z+t5m+Xdecwj8t0f+iY5QqFGjoNZHDY1/6P', 'amount': 10}, {'id': 'G2Q605/WMyRuMR8aKAwja/6ZS1RSXTaLISZUorEVPNY=', 'who': 'ssh-rsa AAAAB3NzaC1yc2EAAAADAQABAAABAQCqTJXfmFjtJnbBQw2H/k2dMEYHw0hsaFNOXJq/iS8nGOkhusWiCr+cVAmr76fnA3M28sF8EXPkFwm3XUOIJuF4cMukXb3TD4SvlBlLQcfW46ras7Krhe7BYbGTQhwLrtDmudb5pRUSYQO1kQN6DxEQpfo7Pkz8EYwh1Gg5nna9P+yrZecHUASi3OKcfba3KAzMhnz+t0idjaD2qRHWRkCCFZqpRtEwQ07xbNE9a7IOnyImamjSRnGQztzatK5tqne/Tv0wBD8cIVApaPd0Fpq7dPFMXNTFsGcAZfRphThUCHQYcc6l4z+t5m+Xdecwj8t0f+iY5QqFGjoNZHDY1/6P', 'amount': 9}, {'id': 'prNsy52npoRj6X6URdsn1YE5vVehdF4Hy4OsrSEaXTI=', 'who': 'ssh-rsa AAAAB3NzaC1yc2EAAAADAQABAAABAQCqTJXfmFjtJnbBQw2H/k2dMEYHw0hsaFNOXJq/iS8nGOkhusWiCr+cVAmr76fnA3M28sF8EXPkFwm3XUOIJuF4cMukXb3TD4SvlBlLQcfW46ras7Krhe7BYbGTQhwLrtDmudb5pRUSYQO1kQN6DxEQpfo7Pkz8EYwh1Gg5nna9P+yrZecHUASi3OKcfba3KAzMhnz+t0idjaD2qRHWRkCCFZqpRtEwQ07xbNE9a7IOnyImamjSRnGQztzatK5tqne/Tv0wBD8cIVApaPd0Fpq7dPFMXNTFsGcAZfRphThUCHQYcc6l4z+t5m+Xdecwj8t0f+iY5QqFGjoNZHDY1/6P', 'amount': 1}, {'id': 'eYECh/oUiDHBlm8/Q0AORyxqGMpHScSO0g5BGzynTmI=', 'who': 'ssh-rsa AAAAB3NzaC1yc2EAAAADAQABAAABAQCqTJXfmFjtJnbBQw2H/k2dMEYHw0hsaFNOXJq/iS8nGOkhusWiCr+cVAmr76fnA3M28sF8EXPkFwm3XUOIJuF4cMukXb3TD4SvlBlLQcfW46ras7Krhe7BYbGTQhwLrtDmudb5pRUSYQO1kQN6DxEQpfo7Pkz8EYwh1Gg5nna9P+yrZecHUASi3OKcfba3KAzMhnz+t0idjaD2qRHWRkCCFZqpRtEwQ07xbNE9a7IOnyImamjSRnGQztzatK5tqne/Tv0wBD8cIVApaPd0Fpq7dPFMXNTFsGcAZfRphThUCHQYcc6l4z+t5m+Xdecwj8t0f+iY5QqFGjoNZHDY1/6P', 'amount': 3}, {'id': 'qZreoBxypMRwL55BL2+yxJbuBInyFHpZ8iwFesG69Ys=', 'who': 'ssh-rsa AAAAB3NzaC1yc2EAAAADAQABAAABAQCqTJXfmFjtJnbBQw2H/k2dMEYHw0hsaFNOXJq/iS8nGOkhusWiCr+cVAmr76fnA3M28sF8EXPkFwm3XUOIJuF4cMukXb3TD4SvlBlLQcfW46ras7Krhe7BYbGTQhwLrtDmudb5pRUSYQO1kQN6DxEQpfo7Pkz8EYwh1Gg5nna9P+yrZecHUASi3OKcfba3KAzMhnz+t0idjaD2qRHWRkCCFZqpRtEwQ07xbNE9a7IOnyImamjSRnGQztzatK5tqne/Tv0wBD8cIVApaPd0Fpq7dPFMXNTFsGcAZfRphThUCHQYcc6l4z+t5m+Xdecwj8t0f+iY5QqFGjoNZHDY1/6P', 'amount': 3}, {'id': '2yqnizezNolBI0omKwQtkRiklTYriUMqH838qDEWAZQ=', 'who': 'ssh-rsa AAAAB3NzaC1yc2EAAAADAQABAAABAQCqTJXfmFjtJnbBQw2H/k2dMEYHw0hsaFNOXJq/iS8nGOkhusWiCr+cVAmr76fnA3M28sF8EXPkFwm3XUOIJuF4cMukXb3TD4SvlBlLQcfW46ras7Krhe7BYbGTQhwLrtDmudb5pRUSYQO1kQN6DxEQpfo7Pkz8EYwh1Gg5nna9P+yrZecHUASi3OKcfba3KAzMhnz+t0idjaD2qRHWRkCCFZqpRtEwQ07xbNE9a7IOnyImamjSRnGQztzatK5tqne/Tv0wBD8cIVApaPd0Fpq7dPFMXNTFsGcAZfRphThUCHQYcc6l4z+t5m+Xdecwj8t0f+iY5QqFGjoNZHDY1/6P', 'amount': 4}, {'id': 'BA9T5yIEkpYE9Gu3wY27sgWqGvVKku7/zWP7BUAR3OI=', 'who': 'ssh-rsa AAAAB3NzaC1yc2EAAAADAQABAAABAQCqTJXfmFjtJnbBQw2H/k2dMEYHw0hsaFNOXJq/iS8nGOkhusWiCr+cVAmr76fnA3M28sF8EXPkFwm3XUOIJuF4cMukXb3TD4SvlBlLQcfW46ras7Krhe7BYbGTQhwLrtDmudb5pRUSYQO1kQN6DxEQpfo7Pkz8EYwh1Gg5nna9P+yrZecHUASi3OKcfba3KAzMhnz+t0idjaD2qRHWRkCCFZqpRtEwQ07xbNE9a7IOnyImamjSRnGQztzatK5tqne/Tv0wBD8cIVApaPd0Fpq7dPFMXNTFsGcAZfRphThUCHQYcc6l4z+t5m+Xdecwj8t0f+iY5QqFGjoNZHDY1/6P', 'amount': 6}, {'id': 'ocQxaYObzUlxWxVG2PeO89GioDWpEm4AfHg5kk8R5y8=', 'who': 'ssh-rsa AAAAB3NzaC1yc2EAAAADAQABAAABAQCqTJXfmFjtJnbBQw2H/k2dMEYHw0hsaFNOXJq/iS8nGOkhusWiCr+cVAmr76fnA3M28sF8EXPkFwm3XUOIJuF4cMukXb3TD4SvlBlLQcfW46ras7Krhe7BYbGTQhwLrtDmudb5pRUSYQO1kQN6DxEQpfo7Pkz8EYwh1Gg5nna9P+yrZecHUASi3OKcfba3KAzMhnz+t0idjaD2qRHWRkCCFZqpRtEwQ07xbNE9a7IOnyImamjSRnGQztzatK5tqne/Tv0wBD8cIVApaPd0Fpq7dPFMXNTFsGcAZfRphThUCHQYcc6l4z+t5m+Xdecwj8t0f+iY5QqFGjoNZHDY1/6P', 'amount': 5}], 1: [], 2: [{'id': '82Ao04rIS8dlUIRh4T4Yl0bRBcnxZTueEq9I1zLGfmo=', 'who': 'ssh-rsa AAAAB3NzaC1yc2EAAAADAQABAAABAQDmHyTfXFrhCmcCPHQLF2UJRz05NPTTIi7cJJdnqCS0f2EZmHI5lwIyIAq+d3bBVjMIddfuEDP9bmTx0NRol9UvmOyHuPCl83KblHlC0N5fIEgKF4DYs2nS6/XhUFezrssjOfSHYdYJxqRjaj/TrtxKbzsUkOoQtls2r5TytEkQkqwWBmtJEgogwQqpurMN3tXd1vtKSReDMW4Co9hBG/MqlPeZPvI/BB+zgJ3Sj3RnaG4/SoC5/WN1XZzXN8sIbr/HDYxTiC1K3K2b36jZQAPpM3cOdUm59jCkgdjb23HhFYV6cah2AeyiiEtx2B+LjDZ8j3SDPfw7FgARQdIFfnf5', 'amount': 0}], 3: [{'id': 'ocQxaYObzUlxWxVG2PeO89GioDWpEm4AfHg5kk8R5y8=', 'who': 'ssh-rsa AAAAB3NzaC1yc2EAAAADAQABAAABAQD+A2hLkjI/wya7IKKNRKW7W8Go7fEl9a9egyCEMbC/h+T/QexJ3inAT/e5Z5yWC1y/4/O8weQM+rQLGDjUvI5GT4NFLlrMYsAm1ycm8Zvs9GjWn7lryMHdXYExJv/TjVvoniEmLTKOe3rw/WEFAO4le33hGwDadb7Dhof/yC3kGAVaKtzpwTDO58YbwxFoAcmLwuNQOlEFBOl8O/dR0XBUI2+Ju4Ni3J2eruH1+9ZG5qijuosc2WKxcBlrj64KJ8uQVYqZR3QKajp5jJAWvdhgvG+ZOgyGBeqpKYhHhUJRHMwv4zETt52rwECaJFGt4E7aGnuuFjhQS/7gLWmvDiYh', 'amount': 14}, {'id': '82Ao04rIS8dlUIRh4T4Yl0bRBcnxZTueEq9I1zLGfmo=', 'who': 'ssh-rsa AAAAB3NzaC1yc2EAAAADAQABAAABAQD+A2hLkjI/wya7IKKNRKW7W8Go7fEl9a9egyCEMbC/h+T/QexJ3inAT/e5Z5yWC1y/4/O8weQM+rQLGDjUvI5GT4NFLlrMYsAm1ycm8Zvs9GjWn7lryMHdXYExJv/TjVvoniEmLTKOe3rw/WEFAO4le33hGwDadb7Dhof/yC3kGAVaKtzpwTDO58YbwxFoAcmLwuNQOlEFBOl8O/dR0XBUI2+Ju4Ni3J2eruH1+9ZG5qijuosc2WKxcBlrj64KJ8uQVYqZR3QKajp5jJAWvdhgvG+ZOgyGBeqpKYhHhUJRHMwv4zETt52rwECaJFGt4E7aGnuuFjhQS/7gLWmvDiYh', 'amount': 9}], 4: [{'id': '2yqnizezNolBI0omKwQtkRiklTYriUMqH838qDEWAZQ=', 'who': 'ssh-rsa AAAAB3NzaC1yc2EAAAADAQABAAABAQDGIvtoERHaDEOn+AcdvlArV0/QOZUHTfGO/dIgRlZWlAlrDITDjd/dOVZ/neQ4ZXX56Ukz4pjAst3qnKWc483/wmV0JZTT+FjwgMCuvi2BURyTU0JWQTixUpoJRuKfdcNnRWNhMMSYVCV8MuWNY9oxBuMZokvOyVJZkKZlF5EBN2UdOSJkRfeh/jXEN/8Fy/j8N4y+xo4A2o914p1FSCR4QZxVlV/xHn/8Rtr3Njcm9ZFDeHsVOyCxQnMIlMPSTc2peVEYoFeqeWgfiXRoXq4Iu3qV6tBAXfKcmuM5UVvQT212SbMMqM0/WZ4qzRfjU0L3O2LfJiWLYfGkpGCJ8SW9', 'amount': 88}]}
Issuing transaction from benchmark thread
Transaction with id TuzjvCtu8sX4BJfpMqkYiIV4jJyFH99X1JBCSTMoFI4= issued. Now broadcasting. 
Could not connect to 192.168.1.3:44446
Transaction with id TuzjvCtu8sX4BJfpMqkYiIV4jJyFH99X1JBCSTMoFI4= broadcasted. Now registering to block. 
Transaction TuzjvCtu8sX4BJfpMqkYiIV4jJyFH99X1JBCSTMoFI4= added to list of transactions
Issuing transaction from benchmark thread
Transaction with id j3/VudI+KxoOD7YT3BKW9vOr2otGEE13tKe+PcJ3J5A= issued. Now broadcasting. 
Received new transaction
Transaction with id j3/VudI+KxoOD7YT3BKW9vOr2otGEE13tKe+PcJ3J5A= broadcasted. Now registering to block. 
Transaction j3/VudI+KxoOD7YT3BKW9vOr2otGEE13tKe+PcJ3J5A= added to list of transactions
Event listening thread acquired lock
Transaction validated. Adding to transaction list ( current block under construction )
Transaction SQrovudEkT2pyqV4n4XyE7/RqUusQzYdK9k9eKFdWGs= added to list of transactions
Received new transaction
Event listening thread acquired lock
Transaction validated. Adding to transaction list ( current block under construction )
Transaction 5HqOqOO+s033KgV6cGzzCWes7O9BlFUn4CESQ0kUUt8= added to list of transactions
Issuing transaction from benchmark thread
Transaction with id R34Zuaog742KD8ZjZWIAt4DQNlHkrE5xzGZ2N/R9mDw= issued. Now broadcasting. 
Transaction with id R34Zuaog742KD8ZjZWIAt4DQNlHkrE5xzGZ2N/R9mDw= broadcasted. Now registering to block. 
Transaction R34Zuaog742KD8ZjZWIAt4DQNlHkrE5xzGZ2N/R9mDw= added to list of transactions
Starting mining process. Benchmarker releasing lock
Currently mining caching packet
Received block #13
Block validated and added to my blockchain. Miner thread stopped for efficiency
Stopping nonce
Block #13 is valid and ready to be added to the blockchain
Issuing transaction from benchmark thread
Popping message from cached messages queue instead of socket
Received new transaction
Event listening thread acquired lock
Transaction validated. Adding to transaction list ( current block under construction )
Transaction fvU/SyQQczKNV7b6DYlG3K2rvXDMyeSJX//kknUh/UM= added to list of transactions
Received new transaction
Event listening thread acquired lock
Transaction validated. Adding to transaction list ( current block under construction )
Transaction dhls1lwD1g9F9oOjAyFp2r8vVJ+vCRNxZ9eflgzFkeY= added to list of transactions
Received new transaction
Event listening thread acquired lock
Transaction validated. Adding to transaction list ( current block under construction )
Transaction DQ9iYOU9cH54JLLIb934D8sDyj4r7VgRgrjQ6Nf6NKQ= added to list of transactions
Received new transaction
Event listening thread acquired lock
Transaction validated. Adding to transaction list ( current block under construction )
Transaction BtBU45jieFw2IJJQfea7N3KdCL3S+IdlF6xwLwbbJz0= added to list of transactions
Issuing transaction from benchmark thread
Transaction with id 724oWu4A+tcJDWnVfqlNC6UKh2pE0PxWXQA8YrSTgr4= issued. Now broadcasting. 
Transaction with id 724oWu4A+tcJDWnVfqlNC6UKh2pE0PxWXQA8YrSTgr4= broadcasted. Now registering to block. 
Transaction 724oWu4A+tcJDWnVfqlNC6UKh2pE0PxWXQA8YrSTgr4= added to list of transactions
Starting mining process. Benchmarker releasing lock
Found nonce 16366 for block with index 14
Broadcasting newly found block with index 14
Broadcasting block
Broadcasting block
Broadcasting block
Broadcasting block
Finished block broadcasting
Received request to vote for conflict resolution by node3 currently not in conflict mode
blockchain_requested from node #3
Issuing transaction from benchmark thread
Transaction with id W9sauvPFvEE5Z6/BC59NMZpam1W0cxjao1kikHcCMuE= issued. Now broadcasting. 
Transaction with id W9sauvPFvEE5Z6/BC59NMZpam1W0cxjao1kikHcCMuE= broadcasted. Now registering to block. 
Transaction W9sauvPFvEE5Z6/BC59NMZpam1W0cxjao1kikHcCMuE= added to list of transactions
Received new transaction
Event listening thread acquired lock
Transaction validated. Adding to transaction list ( current block under construction )
Transaction D5Ehmo7S/vqXNHofjtIihyZFaRC6hqZ5xD0ViFUm4zI= added to list of transactions
Issuing transaction from benchmark thread
Transaction with id KDy2ywScAUytfqClU5xexHfrLnE0qz68fbxWdhoJUCo= issued. Now broadcasting. 
Transaction with id KDy2ywScAUytfqClU5xexHfrLnE0qz68fbxWdhoJUCo= broadcasted. Now registering to block. 
Transaction KDy2ywScAUytfqClU5xexHfrLnE0qz68fbxWdhoJUCo= added to list of transactions
Received new transaction
Event listening thread acquired lock
Transaction validated. Adding to transaction list ( current block under construction )
Transaction YJCS1KVuwTMkDWv3ReBw/VqIwjKQvm2hHvkSV3ZfFlw= added to list of transactions
Received new transaction
Event listening thread acquired lock
Transaction validated. Adding to transaction list ( current block under construction )
Transaction 0+BdiYcqAG32cW7wKjJhk+c4xqy4GIwqoa2cNFiMJ1Q= added to list of transactions
Starting mining process. Benchmarker releasing lock
Received block #15
Block validated and added to my blockchain. Miner thread stopped for efficiency
Stopping nonce
Block #15 is valid and ready to be added to the blockchain
Received new transaction
Event listening thread acquired lock
Transaction validated. Adding to transaction list ( current block under construction )
Transaction BFFJUVZpFPuYqhL9agIm35+UFNEZk3qePXSimlBJdQk= added to list of transactions
Issuing transaction from benchmark thread
Transaction with id om7rY2Gf2/tSmHhGhFYP1AvDxaM93bjk7/PwrjZcuro= issued. Now broadcasting. 
Transaction with id om7rY2Gf2/tSmHhGhFYP1AvDxaM93bjk7/PwrjZcuro= broadcasted. Now registering to block. 
Transaction om7rY2Gf2/tSmHhGhFYP1AvDxaM93bjk7/PwrjZcuro= added to list of transactions
Issuing transaction from benchmark thread
Transaction with id PeU7F68yxcHM7so6xPmt7F2IxueHNRCgl44vFO4fweE= issued. Now broadcasting. 
Transaction with id PeU7F68yxcHM7so6xPmt7F2IxueHNRCgl44vFO4fweE= broadcasted. Now registering to block. 
Transaction PeU7F68yxcHM7so6xPmt7F2IxueHNRCgl44vFO4fweE= added to list of transactions
Received new transaction
Event listening thread acquired lock
Transaction validated. Adding to transaction list ( current block under construction )
Transaction aYnQM5lt8HbHDJjMdVL5kHeKQ4h00LmLejijBmjy/Kk= added to list of transactions
Received new transaction
Event listening thread acquired lock
Transaction validated. Adding to transaction list ( current block under construction )
Transaction WNuHjAL/aIq0FapSFJKptW0MQ04R2c1Jiol/ZYECqMs= added to list of transactions
Starting mining process. Benchmarker releasing lock
Received block #16
Block validated and added to my blockchain. Miner thread stopped for efficiency
Stopping nonce
Block #16 is valid and ready to be added to the blockchain
Received request to vote for conflict resolution by node2 currently not in conflict mode
Received new transaction
Event listening thread acquired lock
Transaction validated. Adding to transaction list ( current block under construction )
Transaction rgXUXvGp+E5h5FzVSMF+euU0dGL9tWqZewbC5m7qUcY= added to list of transactions
Issuing transaction from benchmark thread
Transaction with id 23Vr9ZnA4rPierE7UtuYNoqou9p38wF7YAlLmQPF4JM= issued. Now broadcasting. 
Transaction with id 23Vr9ZnA4rPierE7UtuYNoqou9p38wF7YAlLmQPF4JM= broadcasted. Now registering to block. 
Transaction 23Vr9ZnA4rPierE7UtuYNoqou9p38wF7YAlLmQPF4JM= added to list of transactions
Issuing transaction from benchmark thread
Transaction with id Vkv1VMOO3yz4niClro/+7Ez6yJc/qED/6FR5QvDZzPw= issued. Now broadcasting. 
Transaction with id Vkv1VMOO3yz4niClro/+7Ez6yJc/qED/6FR5QvDZzPw= broadcasted. Now registering to block. 
Transaction Vkv1VMOO3yz4niClro/+7Ez6yJc/qED/6FR5QvDZzPw= added to list of transactions
Received new transaction
Event listening thread acquired lock
Transaction validated. Adding to transaction list ( current block under construction )
Transaction 9+qCQsfAahGH9c+VaUaF678RQTnYEgY9HejUY0v3xwI= added to list of transactions
Received new transaction
Event listening thread acquired lock
Transaction validated. Adding to transaction list ( current block under construction )
Transaction +stJViz6LKn9khH6WyiAABiznZn01DG3K/kqBeFtcVM= added to list of transactions
Starting mining process. Benchmarker releasing lock
Received block #17
Block validated and added to my blockchain. Miner thread stopped for efficiency
Stopping nonce
Block #17 is valid and ready to be added to the blockchain
Received new transaction
Event listening thread acquired lock
Transaction validated. Adding to transaction list ( current block under construction )
Transaction 96dl4XdygtOj0K4cBEMpK6hvZ7DwjPctvWctvXkSOR0= added to list of transactions
Received new transaction
Event listening thread acquired lock
Transaction validated. Adding to transaction list ( current block under construction )
Transaction +mHPAJCA7QLBtVxQIj2JGcoMuxEPQ/e+lyeSb4RrRYk= added to list of transactions
Issuing transaction from benchmark thread
Received new transaction
Event listening thread acquired lock
Transaction validated. Adding to transaction list ( current block under construction )
Transaction skje1uyzgRV+xbYKV3TYIBBR/aCGqBSI0hjfECiYP9I= added to list of transactions
Received new transaction
Event listening thread acquired lock
Transaction validated. Adding to transaction list ( current block under construction )
Transaction Kij+/opxvAoQy24s/eAQSCth1uahylaMIhBl6E2bFyQ= added to list of transactions
Issuing transaction from benchmark thread
Transaction with id gCKp+ULVqZFCwbK9C7AQvqLGrH3vEb3XIYQ8XZu+hzA= issued. Now broadcasting. 
Could not connect to 192.168.1.3:44439
Could not connect to 192.168.1.3:44444
Could not connect to 192.168.1.3:44445
Transaction with id gCKp+ULVqZFCwbK9C7AQvqLGrH3vEb3XIYQ8XZu+hzA= broadcasted. Now registering to block. 
Transaction gCKp+ULVqZFCwbK9C7AQvqLGrH3vEb3XIYQ8XZu+hzA= added to list of transactions
Starting mining process. Benchmarker releasing lock
Found nonce 146079 for block with index 18
Broadcasting newly found block with index 18
Could not connect to 192.168.1.3:44439
Could not connect to 192.168.1.3:44444
Could not connect to 192.168.1.3:44445
Could not connect to 192.168.1.3:44446
Finished block broadcasting
