Starting backend...
Noobcash bootstrap node started at 
192.168.2.9
:
44440
Broadcasting block
Broadcasting block
Broadcasting block
Broadcasting block
Transaction UMlZr+d7UT6iFln8pNwlzX2WiF/RjOtAKmk8CKNHrTI=validated
Transaction VUNWjKbTcH2FLniU4lswbNPO65yQLTBNZPguoDadeOI=validated
Transaction YGYXQW58tWY8P4PKrNp6NuyF7n4oBuJDFBjGHH6zLMA=validated
Transaction QO4t6bYjUXPJ76xUFooWOVyTbDkHwijI42fUH1Zkps0=validated
Received new transaction
Transaction validated. Adding to transaction list ( current block under construction )
Transaction tfbt6p6Ie5j1ou3H2cDOX+wDCI2Nz62r/QY5+5acAzE=validated
Starting mining process
Received new transaction
Found nonce 82657 for block with index 1
Broadcasting block
Broadcasting block
Broadcasting block
Broadcasting block
